<?xml version="1.0" encoding="UTF-8"?>
<testng-results ignored="0" total="4" passed="4" failed="0" skipped="0">
  <reporter-output>
  </reporter-output>
  <suite started-at="2023-08-24T10:28:11 CEST" name="PetSuite" finished-at="2023-08-24T10:28:41 CEST" duration-ms="29890">
    <groups>
    </groups>
    <test started-at="2023-08-24T10:28:11 CEST" name="PetTests" finished-at="2023-08-24T10:28:41 CEST" duration-ms="29890">
      <class name="api.test.UserTests">
        <test-method is-config="true" signature="setupData()[pri:0, instance:api.test.UserTests@e350b40]" started-at="2023-08-24T10:28:12 CEST" name="setupData" finished-at="2023-08-24T10:28:16 CEST" duration-ms="4377" status="PASS">
          <reporter-output>
          </reporter-output>
        </test-method> <!-- setupData -->
        <test-method signature="testPostUser()[pri:1, instance:api.test.UserTests@e350b40]" started-at="2023-08-24T10:28:16 CEST" name="testPostUser" finished-at="2023-08-24T10:28:38 CEST" duration-ms="22019" status="PASS">
          <reporter-output>
          </reporter-output>
        </test-method> <!-- testPostUser -->
        <test-method signature="testGetUserByName()[pri:2, instance:api.test.UserTests@e350b40]" started-at="2023-08-24T10:28:38 CEST" name="testGetUserByName" finished-at="2023-08-24T10:28:39 CEST" duration-ms="615" status="PASS">
          <reporter-output>
          </reporter-output>
        </test-method> <!-- testGetUserByName -->
        <test-method signature="testUpdateUserByName()[pri:3, instance:api.test.UserTests@e350b40]" started-at="2023-08-24T10:28:39 CEST" name="testUpdateUserByName" finished-at="2023-08-24T10:28:40 CEST" duration-ms="1170" status="PASS">
          <reporter-output>
          </reporter-output>
        </test-method> <!-- testUpdateUserByName -->
        <test-method signature="testDeleteUserByName()[pri:4, instance:api.test.UserTests@e350b40]" started-at="2023-08-24T10:28:40 CEST" name="testDeleteUserByName" finished-at="2023-08-24T10:28:41 CEST" duration-ms="556" status="PASS">
          <reporter-output>
          </reporter-output>
        </test-method> <!-- testDeleteUserByName -->
      </class> <!-- api.test.UserTests -->
    </test> <!-- PetTests -->
  </suite> <!-- PetSuite -->
</testng-results>
