<?xml version="1.0" encoding="UTF-8"?>
<!-- Generated by org.testng.reporters.JUnitXMLReporter -->
<testsuite ignored="0" hostname="DELL-PC" failures="0" tests="4" name="PetTests" time="29.89" errors="0" timestamp="2023-08-24T10:28:41 CEST">
  <testcase classname="api.test.UserTests" name="testPostUser" time="22.019"/>
  <testcase classname="api.test.UserTests" name="testGetUserByName" time="0.615"/>
  <testcase classname="api.test.UserTests" name="testUpdateUserByName" time="1.17"/>
  <testcase classname="api.test.UserTests" name="testDeleteUserByName" time="0.556"/>
</testsuite> <!-- PetTests -->
